2025-06-05 15:00:18,281 - INFO - Bot başlatılıyor...
2025-06-05 15:00:19,290 - INFO - HTTP Request: POST https://api.telegram.org/bot7654267178:AAGzkjmAt_Yqv6zIVMwEufukbMzbajoDbmk/getMe "HTTP/1.1 200 OK"
2025-06-05 15:00:19,405 - INFO - HTTP Request: POST https://api.telegram.org/bot7654267178:AAGzkjmAt_Yqv6zIVMwEufukbMzbajoDbmk/deleteWebhook "HTTP/1.1 200 OK"
2025-06-05 15:00:19,407 - INFO - Application started
2025-06-05 15:00:21,550 - INFO - HTTP Request: POST https://api.telegram.org/bot7654267178:AAGzkjmAt_Yqv6zIVMwEufukbMzbajoDbmk/getUpdates "HTTP/1.1 200 OK"
2025-06-05 15:00:21,551 - INFO - /start komutu alındı - Kullanıcı: 7163935699 - orkxnmusic
2025-06-05 15:00:21,661 - INFO - HTTP Request: POST https://api.telegram.org/bot7654267178:AAGzkjmAt_Yqv6zIVMwEufukbMzbajoDbmk/sendMessage "HTTP/1.1 200 OK"
2025-06-05 15:00:31,697 - INFO - HTTP Request: POST https://api.telegram.org/bot7654267178:AAGzkjmAt_Yqv6zIVMwEufukbMzbajoDbmk/getUpdates "HTTP/1.1 200 OK"
2025-06-05 15:00:41,770 - INFO - HTTP Request: POST https://api.telegram.org/bot7654267178:AAGzkjmAt_Yqv6zIVMwEufukbMzbajoDbmk/getUpdates "HTTP/1.1 200 OK"
2025-06-05 15:00:42,193 - INFO - HTTP Request: POST https://api.telegram.org/bot7654267178:AAGzkjmAt_Yqv6zIVMwEufukbMzbajoDbmk/getUpdates "HTTP/1.1 200 OK"
2025-06-05 15:00:42,194 - INFO - Kullanıcı 7163935699 takip numarası gönderdi: 2708570416792
2025-06-05 15:00:42,961 - INFO - Detect courier response for 2708570416792: 200 {"meta":{"code":200},"data":{"total":4,"couriers":[{"slug":"daeshin","name":"Daeshin","phone":null,"other_name":null,"web_url":"https://www.ds3211.co.kr","required_fields":[],"optional_fields":[],"default_language":"kr","support_languages":["kr"],"service_from_country_iso3":["KOR"]},{"slug":"ptt-posta","name":"PTT Posta","phone":"+90 444 1 788","other_name":"Turkish Post","web_url":"https://www.ptt.gov.tr/","required_fields":[],"optional_fields":[],"default_language":"tr","support_languages":["tr","en"],"service_from_country_iso3":["TUR"]},{"slug":"italy-sda","name":"Italy SDA","phone":"+39 (064) 526-3160","other_name":"SDA Express Courier","web_url":"https://www.sda.it/","required_fields":[],"optional_fields":[],"default_language":"it","support_languages":["it"],"service_from_country_iso3":["ITA"]},{"slug":"shreenandancourier","name":"SHREE NANDAN COURIER","phone":"+","other_name":null,"web_url":"http://shreenandancourier.com/","required_fields":[],"optional_fields":[],"default_language":"en","support_languages":["en"],"service_from_country_iso3":["IND"]}]}}
2025-06-05 15:00:43,403 - INFO - Create tracking response for 2708570416792 (daeshin): 400 {"meta":{"code":4003,"message":"Tracking already exists.","type":"BadRequest"},"data":{"tracking":{"slug":"daeshin","tracking_number":"2708570416792","id":"omxey63f0b2ddmbjb4yjh020","created_at":"2025-06-05T11:43:00+00:00"}}}
2025-06-05 15:00:44,210 - INFO - Get tracking info response for 2708570416792 (daeshin): 200 {"meta":{"code":200},"data":{"tracking":{"id":"omxey63f0b2ddmbjb4yjh020","created_at":"2025-06-05T11:43:00+00:00","updated_at":"2025-06-05T11:43:02+00:00","last_updated_at":"2025-06-05T11:43:01+00:00","tracking_number":"2708570416792","slug":"daeshin","active":true,"android":[],"custom_fields":null,"customer_name":null,"delivery_time":0,"destination_country_iso3":null,"courier_destination_country_iso3":null,"emails":[],"expected_delivery":null,"ios":[],"note":null,"order_id":null,"order_id_path":null,"order_date":null,"origin_country_iso3":null,"shipment_package_count":null,"shipment_pickup_date":null,"shipment_delivery_date":null,"shipment_type":null,"shipment_weight":null,"shipment_weight_unit":null,"signed_by":null,"smses":[],"source":"api","tag":"Pending","subtag":"Pending_001","subtag_message":"Pending","title":"2708570416792","tracked_count":1,"last_mile_tracking_supported":null,"language":null,"unique_token":"deprecated","checkpoints":[],"subscribed_smses":[],"subscribed_emails":[],"return_to_sender":false,"order_promised_delivery_date":null,"delivery_type":null,"pickup_location":null,"pickup_note":null,"courier_tracking_link":"https://www.ds3211.co.kr","first_attempted_at":null,"courier_redirect_link":null,"order_tags":[],"order_number":null,"first_estimated_delivery":null,"custom_estimated_delivery_date":null,"origin_state":null,"origin_city":null,"origin_postal_code":null,"origin_raw_location":null,"destination_state":null,"destination_city":null,"destination_postal_code":null,"aftership_estimated_delivery_date":null,"destination_raw_location":null,"latest_estimated_delivery":null,"courier_connection_id":null,"shipment_tags":[],"next_couriers":[],"on_time_status":null,"on_time_difference":null,"tracking_account_number":null,"tracking_origin_country":null,"tracking_destination_country":null,"tracking_key":null,"tracking_postal_code":null,"tracking_ship_date":null,"tracking_state":null}}}
2025-06-05 15:00:44,211 - INFO - Tracking sonucu: 📦 Durum: Pending
📮 Firma: daeshin
🗓️ Tahmini Teslim: Belirtilmedi
🔎 Detay: Detay yok
2025-06-05 15:00:44,526 - INFO - HTTP Request: POST https://api.telegram.org/bot7654267178:AAGzkjmAt_Yqv6zIVMwEufukbMzbajoDbmk/sendMessage "HTTP/1.1 200 OK"
2025-06-05 15:00:54,270 - INFO - HTTP Request: POST https://api.telegram.org/bot7654267178:AAGzkjmAt_Yqv6zIVMwEufukbMzbajoDbmk/getUpdates "HTTP/1.1 200 OK"
2025-06-05 15:01:04,333 - INFO - HTTP Request: POST https://api.telegram.org/bot7654267178:AAGzkjmAt_Yqv6zIVMwEufukbMzbajoDbmk/getUpdates "HTTP/1.1 200 OK"
2025-06-05 15:01:14,404 - INFO - HTTP Request: POST https://api.telegram.org/bot7654267178:AAGzkjmAt_Yqv6zIVMwEufukbMzbajoDbmk/getUpdates "HTTP/1.1 200 OK"
2025-06-05 15:01:24,569 - INFO - HTTP Request: POST https://api.telegram.org/bot7654267178:AAGzkjmAt_Yqv6zIVMwEufukbMzbajoDbmk/getUpdates "HTTP/1.1 200 OK"
2025-06-05 15:09:21,485 - INFO - Bot başlatılıyor...
2025-06-05 15:09:22,420 - INFO - HTTP Request: POST https://api.telegram.org/bot7654267178:AAGzkjmAt_Yqv6zIVMwEufukbMzbajoDbmk/getMe "HTTP/1.1 200 OK"
2025-06-05 15:09:22,548 - INFO - HTTP Request: POST https://api.telegram.org/bot7654267178:AAGzkjmAt_Yqv6zIVMwEufukbMzbajoDbmk/deleteWebhook "HTTP/1.1 200 OK"
2025-06-05 15:09:22,549 - INFO - Application started
2025-06-05 15:09:32,799 - INFO - HTTP Request: POST https://api.telegram.org/bot7654267178:AAGzkjmAt_Yqv6zIVMwEufukbMzbajoDbmk/getUpdates "HTTP/1.1 200 OK"
2025-06-05 15:09:42,873 - INFO - HTTP Request: POST https://api.telegram.org/bot7654267178:AAGzkjmAt_Yqv6zIVMwEufukbMzbajoDbmk/getUpdates "HTTP/1.1 200 OK"
2025-06-05 15:09:49,284 - INFO - HTTP Request: POST https://api.telegram.org/bot7654267178:AAGzkjmAt_Yqv6zIVMwEufukbMzbajoDbmk/getUpdates "HTTP/1.1 200 OK"
2025-06-05 15:09:49,286 - INFO - /start komutu alındı - Kullanıcı: 5673620876 - rxztent1
2025-06-05 15:09:49,547 - INFO - HTTP Request: POST https://api.telegram.org/bot7654267178:AAGzkjmAt_Yqv6zIVMwEufukbMzbajoDbmk/sendMessage "HTTP/1.1 200 OK"
2025-06-05 15:09:55,123 - INFO - HTTP Request: POST https://api.telegram.org/bot7654267178:AAGzkjmAt_Yqv6zIVMwEufukbMzbajoDbmk/getUpdates "HTTP/1.1 200 OK"
2025-06-05 15:09:55,125 - INFO - Kullanıcı 5673620876 takip numarası gönderdi: Nigger123
2025-06-05 15:09:56,249 - INFO - Detect courier response for Nigger123: 200 {"meta":{"code":200},"data":{"total":0,"couriers":[]}}
2025-06-05 15:09:56,250 - INFO - Tracking sonucu: Kargo firması algılanamadı.
2025-06-05 15:09:56,608 - INFO - HTTP Request: POST https://api.telegram.org/bot7654267178:AAGzkjmAt_Yqv6zIVMwEufukbMzbajoDbmk/sendMessage "HTTP/1.1 200 OK"
2025-06-05 15:10:06,311 - INFO - HTTP Request: POST https://api.telegram.org/bot7654267178:AAGzkjmAt_Yqv6zIVMwEufukbMzbajoDbmk/getUpdates "HTTP/1.1 200 OK"
2025-06-05 15:10:16,371 - INFO - HTTP Request: POST https://api.telegram.org/bot7654267178:AAGzkjmAt_Yqv6zIVMwEufukbMzbajoDbmk/getUpdates "HTTP/1.1 200 OK"
2025-06-05 15:10:26,450 - INFO - HTTP Request: POST https://api.telegram.org/bot7654267178:AAGzkjmAt_Yqv6zIVMwEufukbMzbajoDbmk/getUpdates "HTTP/1.1 200 OK"
2025-06-05 15:10:36,536 - INFO - HTTP Request: POST https://api.telegram.org/bot7654267178:AAGzkjmAt_Yqv6zIVMwEufukbMzbajoDbmk/getUpdates "HTTP/1.1 200 OK"
2025-06-05 15:10:46,723 - INFO - HTTP Request: POST https://api.telegram.org/bot7654267178:AAGzkjmAt_Yqv6zIVMwEufukbMzbajoDbmk/getUpdates "HTTP/1.1 200 OK"
2025-06-05 15:10:56,844 - INFO - HTTP Request: POST https://api.telegram.org/bot7654267178:AAGzkjmAt_Yqv6zIVMwEufukbMzbajoDbmk/getUpdates "HTTP/1.1 200 OK"
2025-06-05 15:11:06,922 - INFO - HTTP Request: POST https://api.telegram.org/bot7654267178:AAGzkjmAt_Yqv6zIVMwEufukbMzbajoDbmk/getUpdates "HTTP/1.1 200 OK"
2025-06-05 15:11:09,772 - INFO - HTTP Request: POST https://api.telegram.org/bot7654267178:AAGzkjmAt_Yqv6zIVMwEufukbMzbajoDbmk/getUpdates "HTTP/1.1 200 OK"
2025-06-05 15:11:09,773 - INFO - Kullanıcı 5673620876 takip numarası gönderdi: RE699658596TR
2025-06-05 15:11:10,491 - INFO - Detect courier response for RE699658596TR: 200 {"meta":{"code":200},"data":{"total":5,"couriers":[{"slug":"ptt-posta","name":"PTT Posta","phone":"+90 444 1 788","other_name":"Turkish Post","web_url":"https://www.ptt.gov.tr/","required_fields":[],"optional_fields":[],"default_language":"tr","support_languages":["tr","en"],"service_from_country_iso3":["TUR"]},{"slug":"india-post-int","name":"India Post International","phone":"+91 1800-11-2011","other_name":"भारतीय डाक, Speed Post & eMO, EMS, IPS Web","web_url":"https://www.indiapost.gov.in/","required_fields":[],"optional_fields":[],"default_language":"en","support_languages":["en"],"service_from_country_iso3":["IND"]},{"slug":"deutsch-post","name":"Deutsche Post Mail","phone":"+49 (0) 180 2 000221","other_name":"dpdhl","web_url":"https://www.deutschepost.de/sendung/simpleQuery.html","required_fields":[],"optional_fields":["tracking_ship_date"],"default_language":"en","support_languages":["en"],"service_from_country_iso3":["DEU"]},{"slug":"poczta-polska","name":"Poczta Polska","phone":"+48 43-842-06-00","other_name":"Poland Post","web_url":"https://www.poczta-polska.pl/","required_fields":[],"optional_fields":[],"default_language":"pl","support_languages":["pl"],"service_from_country_iso3":["POL"]},{"slug":"ceska-posta","name":"Česká Pošta","phone":"+420 840 111 244","other_name":"Czech Post","web_url":"http://www.ceskaposta.cz/","required_fields":[],"optional_fields":[],"default_language":"en","support_languages":["en"],"service_from_country_iso3":["CZE"]}]}}
2025-06-05 15:11:10,955 - INFO - Create tracking response for RE699658596TR (ptt-posta): 400 {"meta":{"code":4003,"message":"Tracking already exists.","type":"BadRequest"},"data":{"tracking":{"slug":"ptt-posta","tracking_number":"RE699658596TR","id":"ucokvbagrninlmbj99x9t01t","created_at":"2025-06-05T10:50:52+00:00"}}}
2025-06-05 15:11:11,558 - INFO - Get tracking info response for RE699658596TR (ptt-posta): 200 {"meta":{"code":200},"data":{"tracking":{"id":"ucokvbagrninlmbj99x9t01t","created_at":"2025-06-05T10:50:52+00:00","updated_at":"2025-06-05T10:50:54+00:00","last_updated_at":"2025-06-05T10:50:53+00:00","tracking_number":"RE699658596TR","slug":"ptt-posta","active":true,"android":[],"custom_fields":null,"customer_name":null,"delivery_time":30,"destination_country_iso3":null,"courier_destination_country_iso3":null,"emails":[],"expected_delivery":null,"ios":[],"note":null,"order_id":null,"order_id_path":null,"order_date":null,"origin_country_iso3":"TUR","shipment_package_count":null,"shipment_pickup_date":"2025-05-07T08:46:50","shipment_delivery_date":null,"shipment_type":null,"shipment_weight":null,"shipment_weight_unit":null,"signed_by":null,"smses":[],"source":"api","tag":"InTransit","subtag":"InTransit_001","subtag_message":"In Transit","title":"RE699658596TR","tracked_count":1,"last_mile_tracking_supported":true,"language":null,"unique_token":"deprecated","checkpoints":[{"slug":"ptt-posta","city":null,"created_at":"2025-06-05T10:50:53+00:00","location":"ULUSLARARASI PİM İSTANBUL(AVR) ARNAVUTKÖY","country_name":null,"message":"KABUL EDİLDİ","country_iso3":null,"tag":"InTransit","subtag":"InTransit_002","subtag_message":"Acceptance scan","checkpoint_time":"2025-05-07T08:46:50","coordinates":[],"state":null,"zip":null,"raw_tag":null},{"slug":"ptt-posta","city":null,"created_at":"2025-06-05T10:50:53+00:00","location":"ULUSLARARASI PİM İSTANBUL(AVR) BAKIRKÖY","country_name":null,"message":"TRANSFER SÜRECİNDE - Yurtdışına Sevk Edildi","country_iso3":null,"tag":"InTransit","subtag":"InTransit_001","subtag_message":"In Transit","checkpoint_time":"2025-05-07T10:30:02","coordinates":[],"state":null,"zip":null,"raw_tag":null}],"subscribed_smses":[],"subscribed_emails":[],"return_to_sender":false,"order_promised_delivery_date":null,"delivery_type":null,"pickup_location":null,"pickup_note":null,"courier_tracking_link":"https://track.ptt.gov.tr/Track/Verify?q=RE699658596TR","first_attempted_at":null,"courier_redirect_link":null,"order_tags":[],"order_number":null,"first_estimated_delivery":null,"custom_estimated_delivery_date":null,"origin_state":null,"origin_city":null,"origin_postal_code":null,"origin_raw_location":"ULUSLARARASI PİM İSTANBUL(AVR) ARNAVUTKÖY, Turkey","destination_state":null,"destination_city":null,"destination_postal_code":null,"aftership_estimated_delivery_date":null,"destination_raw_location":null,"latest_estimated_delivery":null,"courier_connection_id":null,"shipment_tags":[],"next_couriers":[],"on_time_status":null,"on_time_difference":null,"tracking_account_number":null,"tracking_origin_country":null,"tracking_destination_country":null,"tracking_key":null,"tracking_postal_code":null,"tracking_ship_date":null,"tracking_state":null}}}
2025-06-05 15:11:11,559 - INFO - Tracking sonucu: 📦 Durum: InTransit
📮 Firma: ptt-posta
🗓️ Tahmini Teslim: Belirtilmedi
🔎 Detay: TRANSFER SÜRECİNDE - Yurtdışına Sevk Edildi (ULUSLARARASI PİM İSTANBUL(AVR) BAKIRKÖY)
2025-06-05 15:11:12,123 - INFO - HTTP Request: POST https://api.telegram.org/bot7654267178:AAGzkjmAt_Yqv6zIVMwEufukbMzbajoDbmk/sendMessage "HTTP/1.1 200 OK"
2025-06-05 15:11:21,621 - INFO - HTTP Request: POST https://api.telegram.org/bot7654267178:AAGzkjmAt_Yqv6zIVMwEufukbMzbajoDbmk/getUpdates "HTTP/1.1 200 OK"
2025-06-05 15:11:31,750 - INFO - HTTP Request: POST https://api.telegram.org/bot7654267178:AAGzkjmAt_Yqv6zIVMwEufukbMzbajoDbmk/getUpdates "HTTP/1.1 200 OK"
2025-06-05 15:11:41,816 - INFO - HTTP Request: POST https://api.telegram.org/bot7654267178:AAGzkjmAt_Yqv6zIVMwEufukbMzbajoDbmk/getUpdates "HTTP/1.1 200 OK"
2025-06-05 15:11:51,886 - INFO - HTTP Request: POST https://api.telegram.org/bot7654267178:AAGzkjmAt_Yqv6zIVMwEufukbMzbajoDbmk/getUpdates "HTTP/1.1 200 OK"
2025-06-05 15:12:01,962 - INFO - HTTP Request: POST https://api.telegram.org/bot7654267178:AAGzkjmAt_Yqv6zIVMwEufukbMzbajoDbmk/getUpdates "HTTP/1.1 200 OK"
2025-06-05 15:12:12,024 - INFO - HTTP Request: POST https://api.telegram.org/bot7654267178:AAGzkjmAt_Yqv6zIVMwEufukbMzbajoDbmk/getUpdates "HTTP/1.1 200 OK"
2025-06-05 15:12:22,131 - INFO - HTTP Request: POST https://api.telegram.org/bot7654267178:AAGzkjmAt_Yqv6zIVMwEufukbMzbajoDbmk/getUpdates "HTTP/1.1 200 OK"
2025-06-05 15:20:46,220 - INFO - Bot başlatılıyor...
2025-06-05 15:20:47,288 - INFO - HTTP Request: POST https://api.telegram.org/bot7654267178:AAGzkjmAt_Yqv6zIVMwEufukbMzbajoDbmk/getMe "HTTP/1.1 200 OK"
2025-06-05 15:20:47,432 - INFO - HTTP Request: POST https://api.telegram.org/bot7654267178:AAGzkjmAt_Yqv6zIVMwEufukbMzbajoDbmk/deleteWebhook "HTTP/1.1 200 OK"
2025-06-05 15:20:47,434 - INFO - Application started
2025-06-05 15:20:49,479 - INFO - HTTP Request: POST https://api.telegram.org/bot7654267178:AAGzkjmAt_Yqv6zIVMwEufukbMzbajoDbmk/getUpdates "HTTP/1.1 200 OK"
2025-06-05 15:20:49,480 - INFO - /start komutu alındı - Kullanıcı: 7163935699 - orkxnmusic
2025-06-05 15:20:49,631 - INFO - HTTP Request: POST https://api.telegram.org/bot7654267178:AAGzkjmAt_Yqv6zIVMwEufukbMzbajoDbmk/sendMessage "HTTP/1.1 200 OK"
2025-06-05 15:20:54,474 - INFO - HTTP Request: POST https://api.telegram.org/bot7654267178:AAGzkjmAt_Yqv6zIVMwEufukbMzbajoDbmk/getUpdates "HTTP/1.1 200 OK"
2025-06-05 15:20:54,476 - INFO - Kullanıcı 7163935699 takip numarası gönderdi: 2708570416792
2025-06-05 15:20:55,118 - INFO - Detect courier response for 2708570416792: 200 {"meta":{"code":200},"data":{"total":4,"couriers":[{"slug":"daeshin","name":"Daeshin","phone":null,"other_name":null,"web_url":"https://www.ds3211.co.kr","required_fields":[],"optional_fields":[],"default_language":"kr","support_languages":["kr"],"service_from_country_iso3":["KOR"]},{"slug":"ptt-posta","name":"PTT Posta","phone":"+90 444 1 788","other_name":"Turkish Post","web_url":"https://www.ptt.gov.tr/","required_fields":[],"optional_fields":[],"default_language":"tr","support_languages":["tr","en"],"service_from_country_iso3":["TUR"]},{"slug":"italy-sda","name":"Italy SDA","phone":"+39 (064) 526-3160","other_name":"SDA Express Courier","web_url":"https://www.sda.it/","required_fields":[],"optional_fields":[],"default_language":"it","support_languages":["it"],"service_from_country_iso3":["ITA"]},{"slug":"shreenandancourier","name":"SHREE NANDAN COURIER","phone":"+","other_name":null,"web_url":"http://shreenandancourier.com/","required_fields":[],"optional_fields":[],"default_language":"en","support_languages":["en"],"service_from_country_iso3":["IND"]}]}}
2025-06-05 15:20:55,831 - INFO - Create tracking response for 2708570416792 (daeshin): 400 {"meta":{"code":4003,"message":"Tracking already exists.","type":"BadRequest"},"data":{"tracking":{"slug":"daeshin","tracking_number":"2708570416792","id":"omxey63f0b2ddmbjb4yjh020","created_at":"2025-06-05T11:43:00+00:00"}}}
2025-06-05 15:20:56,933 - INFO - Get tracking info response for 2708570416792 (daeshin): 200 {"meta":{"code":200},"data":{"tracking":{"id":"omxey63f0b2ddmbjb4yjh020","created_at":"2025-06-05T11:43:00+00:00","updated_at":"2025-06-05T11:43:02+00:00","last_updated_at":"2025-06-05T11:43:01+00:00","tracking_number":"2708570416792","slug":"daeshin","active":true,"android":[],"custom_fields":null,"customer_name":null,"delivery_time":0,"destination_country_iso3":null,"courier_destination_country_iso3":null,"emails":[],"expected_delivery":null,"ios":[],"note":null,"order_id":null,"order_id_path":null,"order_date":null,"origin_country_iso3":null,"shipment_package_count":null,"shipment_pickup_date":null,"shipment_delivery_date":null,"shipment_type":null,"shipment_weight":null,"shipment_weight_unit":null,"signed_by":null,"smses":[],"source":"api","tag":"Pending","subtag":"Pending_001","subtag_message":"Pending","title":"2708570416792","tracked_count":1,"last_mile_tracking_supported":null,"language":null,"unique_token":"deprecated","checkpoints":[],"subscribed_smses":[],"subscribed_emails":[],"return_to_sender":false,"order_promised_delivery_date":null,"delivery_type":null,"pickup_location":null,"pickup_note":null,"courier_tracking_link":"https://www.ds3211.co.kr","first_attempted_at":null,"courier_redirect_link":null,"order_tags":[],"order_number":null,"first_estimated_delivery":null,"custom_estimated_delivery_date":null,"origin_state":null,"origin_city":null,"origin_postal_code":null,"origin_raw_location":null,"destination_state":null,"destination_city":null,"destination_postal_code":null,"aftership_estimated_delivery_date":null,"destination_raw_location":null,"latest_estimated_delivery":null,"courier_connection_id":null,"shipment_tags":[],"next_couriers":[],"on_time_status":null,"on_time_difference":null,"tracking_account_number":null,"tracking_origin_country":null,"tracking_destination_country":null,"tracking_key":null,"tracking_postal_code":null,"tracking_ship_date":null,"tracking_state":null}}}
2025-06-05 15:20:56,934 - INFO - Tracking sonucu: 📦 Durum: Pending
📮 Firma: daeshin
🗓️ Tahmini Teslim: Belirtilmedi
🔎 Detay: Detay yok
2025-06-05 15:20:57,175 - INFO - HTTP Request: POST https://api.telegram.org/bot7654267178:AAGzkjmAt_Yqv6zIVMwEufukbMzbajoDbmk/sendMessage "HTTP/1.1 200 OK"
2025-06-05 15:42:35,579 - INFO - Bot başlatılıyor...
2025-06-05 15:42:36,711 - INFO - HTTP Request: POST https://api.telegram.org/bot7654267178:AAGzkjmAt_Yqv6zIVMwEufukbMzbajoDbmk/getMe "HTTP/1.1 200 OK"
2025-06-05 15:42:36,829 - INFO - HTTP Request: POST https://api.telegram.org/bot7654267178:AAGzkjmAt_Yqv6zIVMwEufukbMzbajoDbmk/deleteWebhook "HTTP/1.1 200 OK"
2025-06-05 15:42:36,832 - INFO - Application started
2025-06-05 15:42:39,493 - INFO - HTTP Request: POST https://api.telegram.org/bot7654267178:AAGzkjmAt_Yqv6zIVMwEufukbMzbajoDbmk/getUpdates "HTTP/1.1 200 OK"
2025-06-05 15:42:39,580 - INFO - HTTP Request: POST https://api.telegram.org/bot7654267178:AAGzkjmAt_Yqv6zIVMwEufukbMzbajoDbmk/sendMessage "HTTP/1.1 200 OK"
2025-06-05 15:42:39,582 - INFO - /start komutu alındı - Kullanıcı: 7163935699
2025-06-05 15:42:45,886 - INFO - HTTP Request: POST https://api.telegram.org/bot7654267178:AAGzkjmAt_Yqv6zIVMwEufukbMzbajoDbmk/getUpdates "HTTP/1.1 200 OK"
2025-06-05 15:42:46,123 - INFO - HTTP Request: POST https://api.telegram.org/bot7654267178:AAGzkjmAt_Yqv6zIVMwEufukbMzbajoDbmk/answerCallbackQuery "HTTP/1.1 200 OK"
2025-06-05 15:42:46,279 - INFO - HTTP Request: POST https://api.telegram.org/bot7654267178:AAGzkjmAt_Yqv6zIVMwEufukbMzbajoDbmk/editMessageText "HTTP/1.1 200 OK"
2025-06-05 15:42:46,368 - INFO - HTTP Request: POST https://api.telegram.org/bot7654267178:AAGzkjmAt_Yqv6zIVMwEufukbMzbajoDbmk/sendMessage "HTTP/1.1 200 OK"
2025-06-05 15:42:46,369 - INFO - Kullanıcı 7163935699 dil seçti: en
2025-06-05 15:42:51,467 - INFO - HTTP Request: POST https://api.telegram.org/bot7654267178:AAGzkjmAt_Yqv6zIVMwEufukbMzbajoDbmk/getUpdates "HTTP/1.1 200 OK"
2025-06-05 15:42:51,470 - INFO - Kullanıcı 7163935699 takip numarası gönderdi: 2708570416792
2025-06-05 15:42:51,470 - ERROR - No error handlers are registered, logging exception.
Traceback (most recent call last):
  File "C:\Users\Ork74\OneDrive\Desktop\kargo-chatbot\venv\Lib\site-packages\telegram\ext\_application.py", line 1298, in process_update
    await coroutine
  File "C:\Users\Ork74\OneDrive\Desktop\kargo-chatbot\venv\Lib\site-packages\telegram\ext\_handlers\basehandler.py", line 158, in handle_update
    return await self.callback(update, context)
           ^^^^^^^^^^^^^^^^^^^^^^^^^^^^^^^^^^^^
  File "C:\Users\Ork74\OneDrive\Desktop\kargo-chatbot\bot.py", line 84, in handle_message
    result = track_package(tracking_number, lang)
TypeError: track_package() takes 1 positional argument but 2 were given
2025-06-05 15:43:01,586 - INFO - HTTP Request: POST https://api.telegram.org/bot7654267178:AAGzkjmAt_Yqv6zIVMwEufukbMzbajoDbmk/getUpdates "HTTP/1.1 200 OK"
2025-06-05 15:43:11,646 - INFO - HTTP Request: POST https://api.telegram.org/bot7654267178:AAGzkjmAt_Yqv6zIVMwEufukbMzbajoDbmk/getUpdates "HTTP/1.1 200 OK"
2025-06-05 15:43:21,716 - INFO - HTTP Request: POST https://api.telegram.org/bot7654267178:AAGzkjmAt_Yqv6zIVMwEufukbMzbajoDbmk/getUpdates "HTTP/1.1 200 OK"
2025-06-05 15:43:31,784 - INFO - HTTP Request: POST https://api.telegram.org/bot7654267178:AAGzkjmAt_Yqv6zIVMwEufukbMzbajoDbmk/getUpdates "HTTP/1.1 200 OK"
2025-06-05 15:43:41,859 - INFO - HTTP Request: POST https://api.telegram.org/bot7654267178:AAGzkjmAt_Yqv6zIVMwEufukbMzbajoDbmk/getUpdates "HTTP/1.1 200 OK"
2025-06-05 15:43:51,926 - INFO - HTTP Request: POST https://api.telegram.org/bot7654267178:AAGzkjmAt_Yqv6zIVMwEufukbMzbajoDbmk/getUpdates "HTTP/1.1 200 OK"
2025-06-05 15:44:02,020 - INFO - HTTP Request: POST https://api.telegram.org/bot7654267178:AAGzkjmAt_Yqv6zIVMwEufukbMzbajoDbmk/getUpdates "HTTP/1.1 200 OK"
2025-06-05 15:44:12,086 - INFO - HTTP Request: POST https://api.telegram.org/bot7654267178:AAGzkjmAt_Yqv6zIVMwEufukbMzbajoDbmk/getUpdates "HTTP/1.1 200 OK"
2025-06-05 15:44:22,185 - INFO - HTTP Request: POST https://api.telegram.org/bot7654267178:AAGzkjmAt_Yqv6zIVMwEufukbMzbajoDbmk/getUpdates "HTTP/1.1 200 OK"
2025-06-05 15:44:32,252 - INFO - HTTP Request: POST https://api.telegram.org/bot7654267178:AAGzkjmAt_Yqv6zIVMwEufukbMzbajoDbmk/getUpdates "HTTP/1.1 200 OK"
2025-06-05 15:44:42,413 - INFO - HTTP Request: POST https://api.telegram.org/bot7654267178:AAGzkjmAt_Yqv6zIVMwEufukbMzbajoDbmk/getUpdates "HTTP/1.1 200 OK"
2025-06-05 15:44:52,471 - INFO - HTTP Request: POST https://api.telegram.org/bot7654267178:AAGzkjmAt_Yqv6zIVMwEufukbMzbajoDbmk/getUpdates "HTTP/1.1 200 OK"
2025-06-05 15:45:02,532 - INFO - HTTP Request: POST https://api.telegram.org/bot7654267178:AAGzkjmAt_Yqv6zIVMwEufukbMzbajoDbmk/getUpdates "HTTP/1.1 200 OK"
2025-06-05 15:45:12,637 - INFO - HTTP Request: POST https://api.telegram.org/bot7654267178:AAGzkjmAt_Yqv6zIVMwEufukbMzbajoDbmk/getUpdates "HTTP/1.1 200 OK"
2025-06-05 15:45:22,704 - INFO - HTTP Request: POST https://api.telegram.org/bot7654267178:AAGzkjmAt_Yqv6zIVMwEufukbMzbajoDbmk/getUpdates "HTTP/1.1 200 OK"
2025-06-05 15:45:32,788 - INFO - HTTP Request: POST https://api.telegram.org/bot7654267178:AAGzkjmAt_Yqv6zIVMwEufukbMzbajoDbmk/getUpdates "HTTP/1.1 200 OK"
2025-06-05 15:45:42,901 - INFO - HTTP Request: POST https://api.telegram.org/bot7654267178:AAGzkjmAt_Yqv6zIVMwEufukbMzbajoDbmk/getUpdates "HTTP/1.1 200 OK"
2025-06-05 15:45:52,956 - INFO - HTTP Request: POST https://api.telegram.org/bot7654267178:AAGzkjmAt_Yqv6zIVMwEufukbMzbajoDbmk/getUpdates "HTTP/1.1 200 OK"
