2025-06-05 15:46:01,769 - bot - INFO - Bot baþlatýlýyor...
2025-06-05 15:46:02,690 - httpx - INFO - HTTP Request: POST https://api.telegram.org/bot7654267178:AAGzkjmAt_Yqv6zIVMwEufukbMzbajoDbmk/getMe "HTTP/1.1 200 OK"
2025-06-05 15:46:02,819 - httpx - INFO - HTTP Request: POST https://api.telegram.org/bot7654267178:AAGzkjmAt_Yqv6zIVMwEufukbMzbajoDbmk/deleteWebhook "HTTP/1.1 200 OK"
2025-06-05 15:46:02,820 - telegram.ext.Application - INFO - Application started
2025-06-05 15:46:03,919 - httpx - INFO - HTTP Request: POST https://api.telegram.org/bot7654267178:AAGzkjmAt_Yqv6zIVMwEufukbMzbajoDbmk/getUpdates "HTTP/1.1 200 OK"
2025-06-05 15:46:03,921 - bot - INFO - /start komutu - Kullanýcý: 7163935699 - orkxnmusic
2025-06-05 15:46:04,010 - httpx - INFO - HTTP Request: POST https://api.telegram.org/bot7654267178:AAGzkjmAt_Yqv6zIVMwEufukbMzbajoDbmk/sendMessage "HTTP/1.1 200 OK"
2025-06-05 15:46:13,561 - httpx - INFO - HTTP Request: POST https://api.telegram.org/bot7654267178:AAGzkjmAt_Yqv6zIVMwEufukbMzbajoDbmk/getUpdates "HTTP/1.1 200 OK"
2025-06-05 15:46:13,562 - bot - INFO - Kullanýcý 7163935699 dil seçti: en
2025-06-05 15:46:13,849 - httpx - INFO - HTTP Request: POST https://api.telegram.org/bot7654267178:AAGzkjmAt_Yqv6zIVMwEufukbMzbajoDbmk/sendMessage "HTTP/1.1 200 OK"
2025-06-05 15:46:20,642 - httpx - INFO - HTTP Request: POST https://api.telegram.org/bot7654267178:AAGzkjmAt_Yqv6zIVMwEufukbMzbajoDbmk/getUpdates "HTTP/1.1 200 OK"
2025-06-05 15:46:20,644 - bot - INFO - Kullanýcý 7163935699 takip numarasý: 2708570416792 - Dil: en
2025-06-05 15:46:22,423 - bot - INFO - Takip sonucu: \U0001f4e6 Status: Pending
\U0001f4ee Courier: daeshin
\U0001f5d3\ufe0f Estimated Delivery: None
\U0001f50e Detail: Pending
2025-06-05 15:46:22,630 - httpx - INFO - HTTP Request: POST https://api.telegram.org/bot7654267178:AAGzkjmAt_Yqv6zIVMwEufukbMzbajoDbmk/sendMessage "HTTP/1.1 200 OK"
2025-06-05 15:46:32,547 - httpx - INFO - HTTP Request: POST https://api.telegram.org/bot7654267178:AAGzkjmAt_Yqv6zIVMwEufukbMzbajoDbmk/getUpdates "HTTP/1.1 200 OK"
2025-06-05 15:46:42,672 - httpx - INFO - HTTP Request: POST https://api.telegram.org/bot7654267178:AAGzkjmAt_Yqv6zIVMwEufukbMzbajoDbmk/getUpdates "HTTP/1.1 200 OK"
2025-06-05 15:46:52,820 - httpx - INFO - HTTP Request: POST https://api.telegram.org/bot7654267178:AAGzkjmAt_Yqv6zIVMwEufukbMzbajoDbmk/getUpdates "HTTP/1.1 200 OK"
2025-06-05 15:47:02,882 - httpx - INFO - HTTP Request: POST https://api.telegram.org/bot7654267178:AAGzkjmAt_Yqv6zIVMwEufukbMzbajoDbmk/getUpdates "HTTP/1.1 200 OK"
2025-06-05 15:47:12,997 - httpx - INFO - HTTP Request: POST https://api.telegram.org/bot7654267178:AAGzkjmAt_Yqv6zIVMwEufukbMzbajoDbmk/getUpdates "HTTP/1.1 200 OK"
2025-06-05 15:50:56,436 - bot - INFO - Bot baþlatýlýyor...
2025-06-05 15:50:57,581 - httpx - INFO - HTTP Request: POST https://api.telegram.org/bot7654267178:AAGzkjmAt_Yqv6zIVMwEufukbMzbajoDbmk/getMe "HTTP/1.1 200 OK"
2025-06-05 15:50:57,664 - httpx - INFO - HTTP Request: POST https://api.telegram.org/bot7654267178:AAGzkjmAt_Yqv6zIVMwEufukbMzbajoDbmk/deleteWebhook "HTTP/1.1 200 OK"
2025-06-05 15:50:57,666 - telegram.ext.Application - INFO - Application started
2025-06-05 15:50:59,196 - httpx - INFO - HTTP Request: POST https://api.telegram.org/bot7654267178:AAGzkjmAt_Yqv6zIVMwEufukbMzbajoDbmk/getUpdates "HTTP/1.1 200 OK"
2025-06-05 15:50:59,197 - bot - INFO - /start komutu alýndý - Kullanýcý: 7163935699 - orkxnmusic
2025-06-05 15:50:59,277 - httpx - INFO - HTTP Request: POST https://api.telegram.org/bot7654267178:AAGzkjmAt_Yqv6zIVMwEufukbMzbajoDbmk/sendMessage "HTTP/1.1 200 OK"
2025-06-05 15:51:04,470 - httpx - INFO - HTTP Request: POST https://api.telegram.org/bot7654267178:AAGzkjmAt_Yqv6zIVMwEufukbMzbajoDbmk/getUpdates "HTTP/1.1 200 OK"
2025-06-05 15:51:04,777 - httpx - INFO - HTTP Request: POST https://api.telegram.org/bot7654267178:AAGzkjmAt_Yqv6zIVMwEufukbMzbajoDbmk/answerCallbackQuery "HTTP/1.1 200 OK"
2025-06-05 15:51:04,778 - bot - INFO - Kullanýcý 7163935699 dil seçti: en
2025-06-05 15:51:04,880 - httpx - INFO - HTTP Request: POST https://api.telegram.org/bot7654267178:AAGzkjmAt_Yqv6zIVMwEufukbMzbajoDbmk/editMessageText "HTTP/1.1 200 OK"
2025-06-05 15:51:14,562 - httpx - INFO - HTTP Request: POST https://api.telegram.org/bot7654267178:AAGzkjmAt_Yqv6zIVMwEufukbMzbajoDbmk/getUpdates "HTTP/1.1 200 OK"
2025-06-05 15:53:48,105 - bot - INFO - Bot baþlatýlýyor...
2025-06-05 15:53:48,953 - httpx - INFO - HTTP Request: POST https://api.telegram.org/bot7654267178:AAGzkjmAt_Yqv6zIVMwEufukbMzbajoDbmk/getMe "HTTP/1.1 200 OK"
2025-06-05 15:53:49,102 - httpx - INFO - HTTP Request: POST https://api.telegram.org/bot7654267178:AAGzkjmAt_Yqv6zIVMwEufukbMzbajoDbmk/deleteWebhook "HTTP/1.1 200 OK"
2025-06-05 15:53:49,103 - telegram.ext.Application - INFO - Application started
2025-06-05 15:53:56,215 - httpx - INFO - HTTP Request: POST https://api.telegram.org/bot7654267178:AAGzkjmAt_Yqv6zIVMwEufukbMzbajoDbmk/getUpdates "HTTP/1.1 200 OK"
2025-06-05 15:53:56,216 - bot - INFO - /start komutu alýndý - Kullanýcý: 7163935699 - orkxnmusic
2025-06-05 15:53:56,672 - httpx - INFO - HTTP Request: POST https://api.telegram.org/bot7654267178:AAGzkjmAt_Yqv6zIVMwEufukbMzbajoDbmk/sendMessage "HTTP/1.1 200 OK"
2025-06-05 15:53:58,575 - httpx - INFO - HTTP Request: POST https://api.telegram.org/bot7654267178:AAGzkjmAt_Yqv6zIVMwEufukbMzbajoDbmk/getUpdates "HTTP/1.1 200 OK"
2025-06-05 15:53:58,692 - httpx - INFO - HTTP Request: POST https://api.telegram.org/bot7654267178:AAGzkjmAt_Yqv6zIVMwEufukbMzbajoDbmk/answerCallbackQuery "HTTP/1.1 200 OK"
2025-06-05 15:53:58,693 - bot - INFO - Kullanýcý 7163935699 dil seçti: en
2025-06-05 15:53:58,857 - httpx - INFO - HTTP Request: POST https://api.telegram.org/bot7654267178:AAGzkjmAt_Yqv6zIVMwEufukbMzbajoDbmk/editMessageText "HTTP/1.1 200 OK"
2025-06-05 15:54:05,679 - httpx - INFO - HTTP Request: POST https://api.telegram.org/bot7654267178:AAGzkjmAt_Yqv6zIVMwEufukbMzbajoDbmk/getUpdates "HTTP/1.1 200 OK"
2025-06-05 15:54:05,680 - bot - INFO - Kullanýcý 7163935699 takip numarasý gönderdi: 2708570416792 - Dil: en
2025-06-05 15:54:07,900 - bot - INFO - Tracking sonucu: \U0001f4e6 Status: Pending
\U0001f4ee Courier: daeshin
\U0001f5d3\ufe0f Estimated Delivery: None
\U0001f50e Detail: Pending
2025-06-05 15:54:08,127 - httpx - INFO - HTTP Request: POST https://api.telegram.org/bot7654267178:AAGzkjmAt_Yqv6zIVMwEufukbMzbajoDbmk/sendMessage "HTTP/1.1 200 OK"
2025-06-05 15:54:11,103 - httpx - INFO - HTTP Request: POST https://api.telegram.org/bot7654267178:AAGzkjmAt_Yqv6zIVMwEufukbMzbajoDbmk/getUpdates "HTTP/1.1 200 OK"
2025-06-05 15:54:11,105 - bot - INFO - /start komutu alýndý - Kullanýcý: 7163935699 - orkxnmusic
2025-06-05 15:54:11,199 - httpx - INFO - HTTP Request: POST https://api.telegram.org/bot7654267178:AAGzkjmAt_Yqv6zIVMwEufukbMzbajoDbmk/sendMessage "HTTP/1.1 200 OK"
2025-06-05 15:54:12,227 - httpx - INFO - HTTP Request: POST https://api.telegram.org/bot7654267178:AAGzkjmAt_Yqv6zIVMwEufukbMzbajoDbmk/getUpdates "HTTP/1.1 200 OK"
2025-06-05 15:54:12,299 - httpx - INFO - HTTP Request: POST https://api.telegram.org/bot7654267178:AAGzkjmAt_Yqv6zIVMwEufukbMzbajoDbmk/answerCallbackQuery "HTTP/1.1 200 OK"
2025-06-05 15:54:12,299 - bot - INFO - Kullanýcý 7163935699 dil seçti: tr
2025-06-05 15:54:12,399 - httpx - INFO - HTTP Request: POST https://api.telegram.org/bot7654267178:AAGzkjmAt_Yqv6zIVMwEufukbMzbajoDbmk/editMessageText "HTTP/1.1 200 OK"
2025-06-05 15:54:15,090 - httpx - INFO - HTTP Request: POST https://api.telegram.org/bot7654267178:AAGzkjmAt_Yqv6zIVMwEufukbMzbajoDbmk/getUpdates "HTTP/1.1 200 OK"
2025-06-05 15:54:15,091 - bot - INFO - /start komutu alýndý - Kullanýcý: 7163935699 - orkxnmusic
2025-06-05 15:54:15,170 - httpx - INFO - HTTP Request: POST https://api.telegram.org/bot7654267178:AAGzkjmAt_Yqv6zIVMwEufukbMzbajoDbmk/sendMessage "HTTP/1.1 200 OK"
2025-06-05 15:54:16,178 - httpx - INFO - HTTP Request: POST https://api.telegram.org/bot7654267178:AAGzkjmAt_Yqv6zIVMwEufukbMzbajoDbmk/getUpdates "HTTP/1.1 200 OK"
2025-06-05 15:54:16,245 - httpx - INFO - HTTP Request: POST https://api.telegram.org/bot7654267178:AAGzkjmAt_Yqv6zIVMwEufukbMzbajoDbmk/answerCallbackQuery "HTTP/1.1 200 OK"
2025-06-05 15:54:16,246 - bot - INFO - Kullanýcý 7163935699 dil seçti: sv
2025-06-05 15:54:16,326 - httpx - INFO - HTTP Request: POST https://api.telegram.org/bot7654267178:AAGzkjmAt_Yqv6zIVMwEufukbMzbajoDbmk/editMessageText "HTTP/1.1 200 OK"
2025-06-05 15:54:26,243 - httpx - INFO - HTTP Request: POST https://api.telegram.org/bot7654267178:AAGzkjmAt_Yqv6zIVMwEufukbMzbajoDbmk/getUpdates "HTTP/1.1 200 OK"
2025-06-05 15:54:26,755 - httpx - INFO - HTTP Request: POST https://api.telegram.org/bot7654267178:AAGzkjmAt_Yqv6zIVMwEufukbMzbajoDbmk/getUpdates "HTTP/1.1 200 OK"
2025-06-05 15:54:26,756 - bot - INFO - Kullanýcý 7163935699 takip numarasý gönderdi: RE699658596TR - Dil: sv
2025-06-05 15:54:28,183 - bot - INFO - Tracking sonucu: \U0001f4e6 Status: InTransit
\U0001f4ee Speditör: ptt-posta
\U0001f5d3\ufe0f Beräknad leverans: None
\U0001f50e Detalj: InTransit
2025-06-05 15:54:28,465 - httpx - INFO - HTTP Request: POST https://api.telegram.org/bot7654267178:AAGzkjmAt_Yqv6zIVMwEufukbMzbajoDbmk/sendMessage "HTTP/1.1 200 OK"
2025-06-05 15:54:38,244 - httpx - INFO - HTTP Request: POST https://api.telegram.org/bot7654267178:AAGzkjmAt_Yqv6zIVMwEufukbMzbajoDbmk/getUpdates "HTTP/1.1 200 OK"
2025-06-05 15:54:48,306 - httpx - INFO - HTTP Request: POST https://api.telegram.org/bot7654267178:AAGzkjmAt_Yqv6zIVMwEufukbMzbajoDbmk/getUpdates "HTTP/1.1 200 OK"
2025-06-05 15:54:58,366 - httpx - INFO - HTTP Request: POST https://api.telegram.org/bot7654267178:AAGzkjmAt_Yqv6zIVMwEufukbMzbajoDbmk/getUpdates "HTTP/1.1 200 OK"
2025-06-05 15:55:08,423 - httpx - INFO - HTTP Request: POST https://api.telegram.org/bot7654267178:AAGzkjmAt_Yqv6zIVMwEufukbMzbajoDbmk/getUpdates "HTTP/1.1 200 OK"
2025-06-05 15:55:18,520 - httpx - INFO - HTTP Request: POST https://api.telegram.org/bot7654267178:AAGzkjmAt_Yqv6zIVMwEufukbMzbajoDbmk/getUpdates "HTTP/1.1 200 OK"
2025-06-05 15:59:39,522 - bot - INFO - Bot baþlatýlýyor...
2025-06-05 15:59:40,489 - httpx - INFO - HTTP Request: POST https://api.telegram.org/bot7654267178:AAGzkjmAt_Yqv6zIVMwEufukbMzbajoDbmk/getMe "HTTP/1.1 200 OK"
2025-06-05 15:59:40,587 - httpx - INFO - HTTP Request: POST https://api.telegram.org/bot7654267178:AAGzkjmAt_Yqv6zIVMwEufukbMzbajoDbmk/deleteWebhook "HTTP/1.1 200 OK"
2025-06-05 15:59:40,589 - telegram.ext.Application - INFO - Application started
2025-06-05 15:59:41,483 - httpx - INFO - HTTP Request: POST https://api.telegram.org/bot7654267178:AAGzkjmAt_Yqv6zIVMwEufukbMzbajoDbmk/getUpdates "HTTP/1.1 200 OK"
2025-06-05 15:59:41,484 - bot - INFO - /start komutu alýndý - Kullanýcý: 7163935699 - orkxnmusic
2025-06-05 15:59:41,594 - httpx - INFO - HTTP Request: POST https://api.telegram.org/bot7654267178:AAGzkjmAt_Yqv6zIVMwEufukbMzbajoDbmk/sendMessage "HTTP/1.1 200 OK"
2025-06-05 15:59:43,191 - httpx - INFO - HTTP Request: POST https://api.telegram.org/bot7654267178:AAGzkjmAt_Yqv6zIVMwEufukbMzbajoDbmk/getUpdates "HTTP/1.1 200 OK"
2025-06-05 15:59:43,279 - httpx - INFO - HTTP Request: POST https://api.telegram.org/bot7654267178:AAGzkjmAt_Yqv6zIVMwEufukbMzbajoDbmk/answerCallbackQuery "HTTP/1.1 200 OK"
2025-06-05 15:59:43,281 - bot - INFO - Kullanýcý 7163935699 dil seçti: tr
2025-06-05 15:59:43,390 - httpx - INFO - HTTP Request: POST https://api.telegram.org/bot7654267178:AAGzkjmAt_Yqv6zIVMwEufukbMzbajoDbmk/editMessageText "HTTP/1.1 200 OK"
2025-06-05 15:59:50,526 - httpx - INFO - HTTP Request: POST https://api.telegram.org/bot7654267178:AAGzkjmAt_Yqv6zIVMwEufukbMzbajoDbmk/getUpdates "HTTP/1.1 200 OK"
2025-06-05 15:59:50,528 - bot - INFO - Kullanýcý 7163935699 takip numarasý gönderdi: 71 - Dil: tr
2025-06-05 15:59:52,543 - bot - INFO - Tracking sonucu: \U0001f4e6 Durum: Pending
\U0001f4ee Firma: kn
\U0001f5d3\ufe0f Tahmini Teslim: None
\U0001f50e Detay: Pending
2025-06-05 15:59:53,169 - httpx - INFO - HTTP Request: POST https://api.telegram.org/bot7654267178:AAGzkjmAt_Yqv6zIVMwEufukbMzbajoDbmk/sendMessage "HTTP/1.1 200 OK"
2025-06-05 15:59:59,553 - httpx - INFO - HTTP Request: POST https://api.telegram.org/bot7654267178:AAGzkjmAt_Yqv6zIVMwEufukbMzbajoDbmk/getUpdates "HTTP/1.1 200 OK"
2025-06-05 15:59:59,862 - httpx - INFO - HTTP Request: POST https://api.telegram.org/bot7654267178:AAGzkjmAt_Yqv6zIVMwEufukbMzbajoDbmk/sendMessage "HTTP/1.1 200 OK"
2025-06-05 16:00:02,430 - httpx - INFO - HTTP Request: POST https://api.telegram.org/bot7654267178:AAGzkjmAt_Yqv6zIVMwEufukbMzbajoDbmk/getUpdates "HTTP/1.1 200 OK"
2025-06-05 16:00:02,517 - httpx - INFO - HTTP Request: POST https://api.telegram.org/bot7654267178:AAGzkjmAt_Yqv6zIVMwEufukbMzbajoDbmk/editMessageText "HTTP/1.1 200 OK"
2025-06-05 16:00:04,961 - httpx - INFO - HTTP Request: POST https://api.telegram.org/bot7654267178:AAGzkjmAt_Yqv6zIVMwEufukbMzbajoDbmk/getUpdates "HTTP/1.1 200 OK"
2025-06-05 16:00:05,037 - httpx - INFO - HTTP Request: POST https://api.telegram.org/bot7654267178:AAGzkjmAt_Yqv6zIVMwEufukbMzbajoDbmk/sendMessage "HTTP/1.1 200 OK"
2025-06-05 16:00:08,616 - httpx - INFO - HTTP Request: POST https://api.telegram.org/bot7654267178:AAGzkjmAt_Yqv6zIVMwEufukbMzbajoDbmk/getUpdates "HTTP/1.1 200 OK"
2025-06-05 16:00:08,912 - httpx - INFO - HTTP Request: POST https://api.telegram.org/bot7654267178:AAGzkjmAt_Yqv6zIVMwEufukbMzbajoDbmk/editMessageText "HTTP/1.1 200 OK"
2025-06-05 16:00:11,262 - httpx - INFO - HTTP Request: POST https://api.telegram.org/bot7654267178:AAGzkjmAt_Yqv6zIVMwEufukbMzbajoDbmk/getUpdates "HTTP/1.1 200 OK"
2025-06-05 16:00:11,518 - httpx - INFO - HTTP Request: POST https://api.telegram.org/bot7654267178:AAGzkjmAt_Yqv6zIVMwEufukbMzbajoDbmk/sendMessage "HTTP/1.1 200 OK"
